<?xml version="1.0" encoding="UTF-8"?>
<!-- Generated by org.testng.reporters.JUnitXMLReporter -->
<testsuite ignored="0" hostname="haile" failures="0" tests="5" name="TestAddController" time="14.152" errors="0" timestamp="2021-12-07T23:32:49 ICT">
  <testcase classname="testController.AddControllerTest" name="adduserTest_TC01_Success" time="0.064"/>
  <testcase classname="testController.AddControllerTest" name="getcodeTest_TC02" time="0.011"/>
  <testcase classname="testController.AddControllerTest" name="getcodeTest_TC03" time="0.002"/>
  <testcase classname="testController.AddControllerTest" name="getlistuserTest" time="0.013"/>
  <testcase classname="testController.AddControllerTest" name="sendmailTest" time="12.009"/>
</testsuite> <!-- TestAddController -->
