<?xml version="1.0" encoding="UTF-8"?>
<!-- Generated by org.testng.reporters.JUnitXMLReporter -->
<testsuite ignored="0" hostname="haile" failures="4" tests="18" name="TestCauHoi_DeThi" time="0.083" errors="0" timestamp="2021-12-06T08:10:38 ICT">
  <testcase classname="testModel.CauHoi_DeThiTest" name="getCauHoi_idTest_TC_01" time="0.005"/>
  <testcase classname="testModel.CauHoi_DeThiTest" name="getCauHoi_idTest_TC_02" time="0.001"/>
  <testcase classname="testModel.CauHoi_DeThiTest" name="getCauTraLoiTest_TC_03" time="0.002"/>
  <testcase classname="testModel.CauHoi_DeThiTest" name="getCauTraLoiTest_TC_04" time="0.002"/>
  <testcase classname="testModel.CauHoi_DeThiTest" name="getDeThi_idTest_TC_05" time="0.001"/>
  <testcase classname="testModel.CauHoi_DeThiTest" name="getDeThi_idTest_TC_06" time="0.001"/>
  <testcase classname="testModel.CauHoi_DeThiTest" name="isTrangThaiTest_TC_07" time="0.003"/>
  <testcase classname="testModel.CauHoi_DeThiTest" name="isTrangThaiTest_TC_08" time="0.001"/>
  <testcase classname="testModel.CauHoi_DeThiTest" name="setCauHoi_idTest_TC_09" time="0.001">
    <failure type="org.testng.TestException" message="
Method CauHoi_DeThiTest.setCauHoi_idTest_TC_09()[pri:0, instance:testModel.CauHoi_DeThiTest@7c9d8e2] should have thrown an exception of type class java.lang.Exception">
      <![CDATA[org.testng.TestException: 
Method CauHoi_DeThiTest.setCauHoi_idTest_TC_09()[pri:0, instance:testModel.CauHoi_DeThiTest@7c9d8e2] should have thrown an exception of type class java.lang.Exception
at java.base/java.util.ArrayList.forEach(ArrayList.java:1511)
... Removed 24 stack frames]]>
    </failure>
  </testcase> <!-- setCauHoi_idTest_TC_09 -->
  <testcase classname="testModel.CauHoi_DeThiTest" name="setCauHoi_idTest_TC_10" time="0.001"/>
  <testcase classname="testModel.CauHoi_DeThiTest" name="setCauTraLoiTest_TC_11" time="0.0">
    <failure type="org.testng.TestException" message="
Method CauHoi_DeThiTest.setCauTraLoiTest_TC_11()[pri:0, instance:testModel.CauHoi_DeThiTest@7c9d8e2] should have thrown an exception of type class java.lang.Exception">
      <![CDATA[org.testng.TestException: 
Method CauHoi_DeThiTest.setCauTraLoiTest_TC_11()[pri:0, instance:testModel.CauHoi_DeThiTest@7c9d8e2] should have thrown an exception of type class java.lang.Exception
at java.base/java.util.ArrayList.forEach(ArrayList.java:1511)
... Removed 24 stack frames]]>
    </failure>
  </testcase> <!-- setCauTraLoiTest_TC_11 -->
  <testcase classname="testModel.CauHoi_DeThiTest" name="setCauTraLoiTest_TC_12" time="0.0"/>
  <testcase classname="testModel.CauHoi_DeThiTest" name="setCauTraLoiTest_TC_13" time="0.0">
    <failure type="org.testng.TestException" message="
Method CauHoi_DeThiTest.setCauTraLoiTest_TC_13()[pri:0, instance:testModel.CauHoi_DeThiTest@7c9d8e2] should have thrown an exception of type class java.lang.Exception">
      <![CDATA[org.testng.TestException: 
Method CauHoi_DeThiTest.setCauTraLoiTest_TC_13()[pri:0, instance:testModel.CauHoi_DeThiTest@7c9d8e2] should have thrown an exception of type class java.lang.Exception
at java.base/java.util.ArrayList.forEach(ArrayList.java:1511)
... Removed 24 stack frames]]>
    </failure>
  </testcase> <!-- setCauTraLoiTest_TC_13 -->
  <testcase classname="testModel.CauHoi_DeThiTest" name="setCauTraLoiTest_TC_14" time="0.0"/>
  <testcase classname="testModel.CauHoi_DeThiTest" name="setDeThi_idTest_TC_15" time="0.001">
    <failure type="org.testng.TestException" message="
Method CauHoi_DeThiTest.setDeThi_idTest_TC_15()[pri:0, instance:testModel.CauHoi_DeThiTest@7c9d8e2] should have thrown an exception of type class java.lang.Exception">
      <![CDATA[org.testng.TestException: 
Method CauHoi_DeThiTest.setDeThi_idTest_TC_15()[pri:0, instance:testModel.CauHoi_DeThiTest@7c9d8e2] should have thrown an exception of type class java.lang.Exception
at java.base/java.util.ArrayList.forEach(ArrayList.java:1511)
... Removed 24 stack frames]]>
    </failure>
  </testcase> <!-- setDeThi_idTest_TC_15 -->
  <testcase classname="testModel.CauHoi_DeThiTest" name="setDeThi_idTest_TC_16" time="0.001"/>
  <testcase classname="testModel.CauHoi_DeThiTest" name="setTrangThaiTest_TC_17" time="0.001"/>
  <testcase classname="testModel.CauHoi_DeThiTest" name="setTrangThaiTest_TC_18" time="0.001"/>
</testsuite> <!-- TestCauHoi_DeThi -->
