<?xml version="1.0" encoding="UTF-8"?>
<!-- Generated by org.testng.reporters.JUnitXMLReporter -->
<testsuite ignored="0" hostname="haile" failures="0" tests="5" name="TestLoaiCauHoi" time="0.054" errors="0" timestamp="2021-12-07T14:17:06 ICT">
  <testcase classname="testModel.LoaiCauHoiTest" name="getIDTest_TC_01" time="0.005"/>
  <testcase classname="testModel.LoaiCauHoiTest" name="getTenLoaiTest_TC_02" time="0.001"/>
  <testcase classname="testModel.LoaiCauHoiTest" name="setIDTest_TC_03" time="0.001"/>
  <testcase classname="testModel.LoaiCauHoiTest" name="setTenLoaiTest_TC_05" time="0.002"/>
  <testcase classname="testModel.LoaiCauHoiTest" name="setTenLoaiTest_TC_06" time="0.002"/>
</testsuite> <!-- TestLoaiCauHoi -->
