<?xml version="1.0" encoding="UTF-8"?>
<!-- Generated by org.testng.reporters.JUnitXMLReporter -->
<testsuite ignored="0" hostname="haile" failures="0" tests="82" name="TestModel" time="0.17" errors="0" timestamp="2021-12-14T15:21:46 ICT">
  <testcase classname="testModel.CauHoi_DeThiTest" name="getCauHoi_idTest_TC_01" time="0.005"/>
  <testcase classname="testModel.CauHoi_DeThiTest" name="getCauHoi_idTest_TC_02" time="0.0"/>
  <testcase classname="testModel.CauHoi_DeThiTest" name="getCauTraLoiTest_TC_03" time="0.0"/>
  <testcase classname="testModel.CauHoi_DeThiTest" name="getCauTraLoiTest_TC_04" time="0.001"/>
  <testcase classname="testModel.CauHoi_DeThiTest" name="getDeThi_idTest_TC_05" time="0.001"/>
  <testcase classname="testModel.CauHoi_DeThiTest" name="getDeThi_idTest_TC_06" time="0.001"/>
  <testcase classname="testModel.CauHoi_DeThiTest" name="isTrangThaiTest_TC_07" time="0.002"/>
  <testcase classname="testModel.CauHoi_DeThiTest" name="isTrangThaiTest_TC_08" time="0.001"/>
  <testcase classname="testModel.CauHoi_DeThiTest" name="setCauHoi_idTest_TC_09" time="0.001"/>
  <testcase classname="testModel.CauHoi_DeThiTest" name="setCauTraLoiTest_TC_10" time="0.001"/>
  <testcase classname="testModel.CauHoi_DeThiTest" name="setCauTraLoiTest_TC_11" time="0.0"/>
  <testcase classname="testModel.CauHoi_DeThiTest" name="setDeThi_idTest_TC_12" time="0.0"/>
  <testcase classname="testModel.CauHoi_DeThiTest" name="setTrangThaiTest_TC_13" time="0.0"/>
  <testcase classname="testModel.AnswerTest" name="getCauhoi_idTest_TC_01" time="0.001"/>
  <testcase classname="testModel.AnswerTest" name="getCauhoi_idTest_TC_02" time="0.0"/>
  <testcase classname="testModel.AnswerTest" name="getGiaiThichTest_TC03" time="0.001"/>
  <testcase classname="testModel.AnswerTest" name="getGiaiThichTest_TC04" time="0.0"/>
  <testcase classname="testModel.AnswerTest" name="getIdTest_TC05" time="0.001"/>
  <testcase classname="testModel.AnswerTest" name="getIdTest_TC06" time="0.0"/>
  <testcase classname="testModel.AnswerTest" name="getNoiDungTest_TC07" time="0.0"/>
  <testcase classname="testModel.AnswerTest" name="getNoiDungTest_TC08" time="0.001"/>
  <testcase classname="testModel.AnswerTest" name="isFlagTest_TC_10" time="0.001"/>
  <testcase classname="testModel.AnswerTest" name="isFlagTest_TC_11" time="0.001"/>
  <testcase classname="testModel.AnswerTest" name="isTrangThaiTest_TC_12" time="0.001"/>
  <testcase classname="testModel.AnswerTest" name="isTrangThaiTest_TC_13" time="0.001"/>
  <testcase classname="testModel.AnswerTest" name="setCauhoi_idTest_TC_14" time="0.0"/>
  <testcase classname="testModel.AnswerTest" name="setCauhoi_idTest_TC_16" time="0.0"/>
  <testcase classname="testModel.AnswerTest" name="setFlagTest_TC_17" time="0.001"/>
  <testcase classname="testModel.AnswerTest" name="setGiaiThichTest_TC_18" time="0.001"/>
  <testcase classname="testModel.AnswerTest" name="setGiaiThichTest_TC_19" time="0.001"/>
  <testcase classname="testModel.AnswerTest" name="setIdTest_TC_20" time="0.001"/>
  <testcase classname="testModel.AnswerTest" name="setNoiDungTest_TC_22" time="0.001"/>
  <testcase classname="testModel.AnswerTest" name="setNoiDungTest_TC_23" time="0.0"/>
  <testcase classname="testModel.AnswerTest" name="setTrangThaiTest" time="0.0"/>
  <testcase classname="testModel.LoaiDeThiTest" name="getLoaiDe_IDTest_TC01" time="0.001"/>
  <testcase classname="testModel.LoaiDeThiTest" name="getTenLoaiTest_TC02" time="0.0"/>
  <testcase classname="testModel.LoaiDeThiTest" name="setLoaiDe_IDTest_TC03" time="0.0"/>
  <testcase classname="testModel.LoaiDeThiTest" name="setTenLoaiTest" time="0.001"/>
  <testcase classname="testModel.LoaiCauHoiTest" name="getIDTest_TC_01" time="0.001"/>
  <testcase classname="testModel.LoaiCauHoiTest" name="getTenLoaiTest_TC_02" time="0.001"/>
  <testcase classname="testModel.LoaiCauHoiTest" name="setIDTest_TC_03" time="0.001"/>
  <testcase classname="testModel.LoaiCauHoiTest" name="setTenLoaiTest_TC_05" time="0.0"/>
  <testcase classname="testModel.LoaiCauHoiTest" name="setTenLoaiTest_TC_06" time="0.0"/>
  <testcase classname="testModel.DethiTest" name="getEmailTest_TC_01" time="0.0"/>
  <testcase classname="testModel.DethiTest" name="getEmailTest_TC_02" time="0.0"/>
  <testcase classname="testModel.DethiTest" name="getEmailTest_TC_03" time="0.0"/>
  <testcase classname="testModel.DethiTest" name="getIdTest_TC_04" time="0.0"/>
  <testcase classname="testModel.DethiTest" name="getIdTest_TC_05" time="0.0"/>
  <testcase classname="testModel.DethiTest" name="getLoaide_idTest_TC_07" time="0.0"/>
  <testcase classname="testModel.DethiTest" name="getLoaide_idTest_TC_08" time="0.001"/>
  <testcase classname="testModel.DethiTest" name="getTimerTest_TC_10" time="0.0"/>
  <testcase classname="testModel.DethiTest" name="getTimerTest_TC_11" time="0.0"/>
  <testcase classname="testModel.DethiTest" name="getTrangThaiTest_TC_13" time="0.0"/>
  <testcase classname="testModel.DethiTest" name="getTrangThaiTest_TC_14" time="0.001"/>
  <testcase classname="testModel.DethiTest" name="getTrangThaiTest_TC_15" time="0.001"/>
  <testcase classname="testModel.DethiTest" name="setEmailTest_TC_16" time="0.0"/>
  <testcase classname="testModel.DethiTest" name="setIdTest_TC_17" time="0.0"/>
  <testcase classname="testModel.DethiTest" name="setLoaide_idTest_TC_18" time="0.001"/>
  <testcase classname="testModel.DethiTest" name="setTimerTest_TC_19" time="0.0"/>
  <testcase classname="testModel.DethiTest" name="setTrangThaiTest" time="0.0"/>
  <testcase classname="testModel.QuestionTest" name="getHinhTest_TC01" time="0.001"/>
  <testcase classname="testModel.QuestionTest" name="getHinhTest_TC02" time="0.001"/>
  <testcase classname="testModel.QuestionTest" name="getIdTest_TC03" time="0.001"/>
  <testcase classname="testModel.QuestionTest" name="getIdTest_TC04" time="0.001"/>
  <testcase classname="testModel.QuestionTest" name="getLoaiCauHoi_idTest_TC05" time="0.001"/>
  <testcase classname="testModel.QuestionTest" name="getNoiDungTest_TC06" time="0.0"/>
  <testcase classname="testModel.QuestionTest" name="isTrangThaiTest_TC07" time="0.001"/>
  <testcase classname="testModel.QuestionTest" name="setHinhTest_TC08" time="0.001"/>
  <testcase classname="testModel.QuestionTest" name="setIdTest_TC09" time="0.0"/>
  <testcase classname="testModel.QuestionTest" name="setLoaiCauHoi_idTest_TC10" time="0.001"/>
  <testcase classname="testModel.QuestionTest" name="setNoiDungTest_TC11" time="0.001"/>
  <testcase classname="testModel.QuestionTest" name="setTrangThaiTest_TC12" time="0.0"/>
  <testcase classname="testModel.QuestionTest" name="setTrangThaiTest_TC13" time="0.001"/>
  <testcase classname="testModel.UserTest" name="getPassTest_TC01" time="0.0"/>
  <testcase classname="testModel.UserTest" name="getPassTest_TC02" time="0.001"/>
  <testcase classname="testModel.UserTest" name="getRolesTest_TC03" time="0.001"/>
  <testcase classname="testModel.UserTest" name="getRolesTest_TC04" time="0.0"/>
  <testcase classname="testModel.UserTest" name="getUserTest_TC05" time="0.001"/>
  <testcase classname="testModel.UserTest" name="getUserTest_TC06" time="0.0"/>
  <testcase classname="testModel.UserTest" name="setPassTest_TC07" time="0.0"/>
  <testcase classname="testModel.UserTest" name="setRolesTest_TC08" time="0.001"/>
  <testcase classname="testModel.UserTest" name="setUserTest_TC09" time="0.0"/>
</testsuite> <!-- TestModel -->
