<?xml version="1.0" encoding="UTF-8"?>
<!-- Generated by org.testng.reporters.JUnitXMLReporter -->
<testsuite ignored="63" hostname="haile" failures="0" tests="1" name="Default test" time="2.087" errors="0" timestamp="2021-12-14T10:41:53 ICT">
  <testcase classname="testController.QuestionControllerTest" name="updateQuestionExamTest_TC64_Empty" time="0.052"/>
  <testcase classname="testController.QuestionControllerTest" name="updateDapAnTest_TC53_Nullparam" time="0.0">
    <ignored/>
  </testcase> <!-- updateDapAnTest_TC53_Nullparam -->
  <testcase classname="testController.QuestionControllerTest" name="getListAnswersbyQuesstionIDTest_TC34_NoResult" time="0.0">
    <ignored/>
  </testcase> <!-- getListAnswersbyQuesstionIDTest_TC34_NoResult -->
  <testcase classname="testController.QuestionControllerTest" name="updateExambyIDTest_TC57_EmptyDethi" time="0.0">
    <ignored/>
  </testcase> <!-- updateExambyIDTest_TC57_EmptyDethi -->
  <testcase classname="testController.QuestionControllerTest" name="updateExambyIDTest_TC60_Success" time="0.0">
    <ignored/>
  </testcase> <!-- updateExambyIDTest_TC60_Success -->
  <testcase classname="testController.QuestionControllerTest" name="insertQuestionTest_TC52_Success" time="0.0">
    <ignored/>
  </testcase> <!-- insertQuestionTest_TC52_Success -->
  <testcase classname="testController.QuestionControllerTest" name="insertDapAnTest_TC49_Success" time="0.0">
    <ignored/>
  </testcase> <!-- insertDapAnTest_TC49_Success -->
  <testcase classname="testController.QuestionControllerTest" name="insertQuestionTest_TC50_EmptyQuestion" time="0.0">
    <ignored/>
  </testcase> <!-- insertQuestionTest_TC50_EmptyQuestion -->
  <testcase classname="testController.QuestionControllerTest" name="insertQuestionTest_TC51_NullQuestion" time="0.0">
    <ignored/>
  </testcase> <!-- insertQuestionTest_TC51_NullQuestion -->
  <testcase classname="testController.QuestionControllerTest" name="getAnswerSaHinhTest_TC17_Success" time="0.0">
    <ignored/>
  </testcase> <!-- getAnswerSaHinhTest_TC17_Success -->
  <testcase classname="testController.QuestionControllerTest" name="getSaHinhTest_TC41_Success" time="0.0">
    <ignored/>
  </testcase> <!-- getSaHinhTest_TC41_Success -->
  <testcase classname="testController.QuestionControllerTest" name="createExamTest_TC04_Failed" time="0.0">
    <ignored/>
  </testcase> <!-- createExamTest_TC04_Failed -->
  <testcase classname="testController.QuestionControllerTest" name="getAnswerCauLietTest_T10_Success" time="0.0">
    <ignored/>
  </testcase> <!-- getAnswerCauLietTest_T10_Success -->
  <testcase classname="testController.QuestionControllerTest" name="getKhaiNiemTest_TC25_NoResult" time="0.0">
    <ignored/>
  </testcase> <!-- getKhaiNiemTest_TC25_NoResult -->
  <testcase classname="testController.QuestionControllerTest" name="updateExambyIDTest_TC59_NullDeThi" time="0.0">
    <ignored/>
  </testcase> <!-- updateExambyIDTest_TC59_NullDeThi -->
  <testcase classname="testController.QuestionControllerTest" name="getCauLietTest_TC21_Success" time="0.0">
    <ignored/>
  </testcase> <!-- getCauLietTest_TC21_Success -->
  <testcase classname="testController.QuestionControllerTest" name="getCauHoiDTbyDeThiIDTest_TC19_Success" time="0.0">
    <ignored/>
  </testcase> <!-- getCauHoiDTbyDeThiIDTest_TC19_Success -->
  <testcase classname="testController.QuestionControllerTest" name="getCauHoiDTbyDeThiIDTest_TC18_NoResult" time="0.0">
    <ignored/>
  </testcase> <!-- getCauHoiDTbyDeThiIDTest_TC18_NoResult -->
  <testcase classname="testController.QuestionControllerTest" name="updateDapAnTest_TC55_Success" time="0.0">
    <ignored/>
  </testcase> <!-- updateDapAnTest_TC55_Success -->
  <testcase classname="testController.QuestionControllerTest" name="getListAnswersTest_TC29_Success" time="0.0">
    <ignored/>
  </testcase> <!-- getListAnswersTest_TC29_Success -->
  <testcase classname="testController.QuestionControllerTest" name="getListAllDTbyEmailTest_TC27_Success" time="0.0">
    <ignored/>
  </testcase> <!-- getListAllDTbyEmailTest_TC27_Success -->
  <testcase classname="testController.QuestionControllerTest" name="getSaHinhTest_TC43_NoResult" time="0.0">
    <ignored/>
  </testcase> <!-- getSaHinhTest_TC43_NoResult -->
  <testcase classname="testController.QuestionControllerTest" name="getCauLietTest_TC22_ListEmty" time="0.0">
    <ignored/>
  </testcase> <!-- getCauLietTest_TC22_ListEmty -->
  <testcase classname="testController.QuestionControllerTest" name="updateDapAnTest_TC54_Failed" time="0.0">
    <ignored/>
  </testcase> <!-- updateDapAnTest_TC54_Failed -->
  <testcase classname="testController.QuestionControllerTest" name="updateExambyIDTest_TC58_EmptyEmail" time="0.0">
    <ignored/>
  </testcase> <!-- updateExambyIDTest_TC58_EmptyEmail -->
  <testcase classname="testController.QuestionControllerTest" name="getListAllDTbyEmailTest_TC28_NoResult" time="0.0">
    <ignored/>
  </testcase> <!-- getListAllDTbyEmailTest_TC28_NoResult -->
  <testcase classname="testController.QuestionControllerTest" name="getListQuestionTest_TC40_NoResult" time="0.0">
    <ignored/>
  </testcase> <!-- getListQuestionTest_TC40_NoResult -->
  <testcase classname="testController.QuestionControllerTest" name="getListAnswersTest_TC30_Success" time="0.0">
    <ignored/>
  </testcase> <!-- getListAnswersTest_TC30_Success -->
  <testcase classname="testController.QuestionControllerTest" name="updateQuesstionTest_62_EmptyQuestion" time="0.0">
    <ignored/>
  </testcase> <!-- updateQuesstionTest_62_EmptyQuestion -->
  <testcase classname="testController.QuestionControllerTest" name="deleteQuestionTest_TC05_Success" time="0.0">
    <ignored/>
  </testcase> <!-- deleteQuestionTest_TC05_Success -->
  <testcase classname="testController.QuestionControllerTest" name="updateExambyIDTest_TC58_NullEmail" time="0.0">
    <ignored/>
  </testcase> <!-- updateExambyIDTest_TC58_NullEmail -->
  <testcase classname="testController.QuestionControllerTest" name="getAnswerKhaiNiemTest_TC14_Success" time="0.0">
    <ignored/>
  </testcase> <!-- getAnswerKhaiNiemTest_TC14_Success -->
  <testcase classname="testController.QuestionControllerTest" name="updateQuesstionTest_62_NullQuestion" time="0.0">
    <ignored/>
  </testcase> <!-- updateQuesstionTest_62_NullQuestion -->
  <testcase classname="testController.QuestionControllerTest" name="getListAnswersbyQuesstionIDTest_TC32_Success" time="0.0">
    <ignored/>
  </testcase> <!-- getListAnswersbyQuesstionIDTest_TC32_Success -->
  <testcase classname="testController.QuestionControllerTest" name="getListQuestionTest_TC38_Success" time="0.0">
    <ignored/>
  </testcase> <!-- getListQuestionTest_TC38_Success -->
  <testcase classname="testController.QuestionControllerTest" name="updateQuestionExamTest_TC64_Null" time="0.0">
    <ignored/>
  </testcase> <!-- updateQuestionExamTest_TC64_Null -->
  <testcase classname="testController.QuestionControllerTest" name="getlistLoaiCauHoiTest_TC44_Success" time="0.0">
    <ignored/>
  </testcase> <!-- getlistLoaiCauHoiTest_TC44_Success -->
  <testcase classname="testController.QuestionControllerTest" name="getAnswerKhaiNiemTest_TC12_Success" time="0.0">
    <ignored/>
  </testcase> <!-- getAnswerKhaiNiemTest_TC12_Success -->
  <testcase classname="testController.QuestionControllerTest" name="updateDapAnTest_TC56_NullID" time="0.0">
    <ignored/>
  </testcase> <!-- updateDapAnTest_TC56_NullID -->
  <testcase classname="testController.QuestionControllerTest" name="getlistLoaiCauHoiTest_TC43_NoResult" time="0.0">
    <ignored/>
  </testcase> <!-- getlistLoaiCauHoiTest_TC43_NoResult -->
  <testcase classname="testController.QuestionControllerTest" name="insertDapAnTest_TC48_NullNoiDung" time="0.0">
    <ignored/>
  </testcase> <!-- insertDapAnTest_TC48_NullNoiDung -->
  <testcase classname="testController.QuestionControllerTest" name="getCauLietTest_TC23_NoReult" time="0.0">
    <ignored/>
  </testcase> <!-- getCauLietTest_TC23_NoReult -->
  <testcase classname="testController.QuestionControllerTest" name="insertDapAnTest_TC47_NullGiaiThich" time="0.0">
    <ignored/>
  </testcase> <!-- insertDapAnTest_TC47_NullGiaiThich -->
  <testcase classname="testController.QuestionControllerTest" name="createExamTest_TC01_Failed" time="0.0">
    <ignored/>
  </testcase> <!-- createExamTest_TC01_Failed -->
  <testcase classname="testController.QuestionControllerTest" name="getAnswerSaHinhTest_TC16_Success" time="0.0">
    <ignored/>
  </testcase> <!-- getAnswerSaHinhTest_TC16_Success -->
  <testcase classname="testController.QuestionControllerTest" name="getSaHinhTest_TC42_Success" time="0.0">
    <ignored/>
  </testcase> <!-- getSaHinhTest_TC42_Success -->
  <testcase classname="testController.QuestionControllerTest" name="getListAllDTbyEmailTest_TC26_Success" time="0.0">
    <ignored/>
  </testcase> <!-- getListAllDTbyEmailTest_TC26_Success -->
  <testcase classname="testController.QuestionControllerTest" name="createExamTest_TC03_Failed" time="0.0">
    <ignored/>
  </testcase> <!-- createExamTest_TC03_Failed -->
  <testcase classname="testController.QuestionControllerTest" name="getAnswerCauLietTest_TC09_Success" time="0.0">
    <ignored/>
  </testcase> <!-- getAnswerCauLietTest_TC09_Success -->
  <testcase classname="testController.QuestionControllerTest" name="insertDapAnTest_TC46_NullParam" time="0.0">
    <ignored/>
  </testcase> <!-- insertDapAnTest_TC46_NullParam -->
  <testcase classname="testController.QuestionControllerTest" name="insertDapAnTest_TC48_NullParam" time="0.0">
    <ignored/>
  </testcase> <!-- insertDapAnTest_TC48_NullParam -->
  <testcase classname="testController.QuestionControllerTest" name="getAnswerSaHinhTest_TC15_Success" time="0.0">
    <ignored/>
  </testcase> <!-- getAnswerSaHinhTest_TC15_Success -->
  <testcase classname="testController.QuestionControllerTest" name="getAnswerCauLietTest_TC11_Success" time="0.0">
    <ignored/>
  </testcase> <!-- getAnswerCauLietTest_TC11_Success -->
  <testcase classname="testController.QuestionControllerTest" name="getKhaiNiemTest_TC24_Success" time="0.0">
    <ignored/>
  </testcase> <!-- getKhaiNiemTest_TC24_Success -->
  <testcase classname="testController.QuestionControllerTest" name="getListQuestionTest_TC39_Success" time="0.0">
    <ignored/>
  </testcase> <!-- getListQuestionTest_TC39_Success -->
  <testcase classname="testController.QuestionControllerTest" name="getAnswerKhaiNiemTest_TC13_Success" time="0.0">
    <ignored/>
  </testcase> <!-- getAnswerKhaiNiemTest_TC13_Success -->
  <testcase classname="testController.QuestionControllerTest" name="getlistLoaiCauHoiTest_TC45_Success" time="0.0">
    <ignored/>
  </testcase> <!-- getlistLoaiCauHoiTest_TC45_Success -->
  <testcase classname="testController.QuestionControllerTest" name="deleteQuestionTest_TC06_Failed" time="0.0">
    <ignored/>
  </testcase> <!-- deleteQuestionTest_TC06_Failed -->
  <testcase classname="testController.QuestionControllerTest" name="updateQuestionExamTest_TC63_Success" time="0.0">
    <ignored/>
  </testcase> <!-- updateQuestionExamTest_TC63_Success -->
  <testcase classname="testController.QuestionControllerTest" name="getListAnswersTest_TC31_NoResult" time="0.0">
    <ignored/>
  </testcase> <!-- getListAnswersTest_TC31_NoResult -->
  <testcase classname="testController.QuestionControllerTest" name="deleteQuestionTest_TC07_Failed" time="0.0">
    <ignored/>
  </testcase> <!-- deleteQuestionTest_TC07_Failed -->
  <testcase classname="testController.QuestionControllerTest" name="getListAnswersbyQuesstionIDTest_TC33_Success" time="0.0">
    <ignored/>
  </testcase> <!-- getListAnswersbyQuesstionIDTest_TC33_Success -->
  <testcase classname="testController.QuestionControllerTest" name="getCauHoiDTbyDeThiIDTest_TC20_NoResult" time="0.0">
    <ignored/>
  </testcase> <!-- getCauHoiDTbyDeThiIDTest_TC20_NoResult -->
  <testcase classname="testController.QuestionControllerTest" name="updateQuesstionTest_61_Success" time="0.0">
    <ignored/>
  </testcase> <!-- updateQuesstionTest_61_Success -->
</testsuite> <!-- Default test -->
