<?xml version="1.0" encoding="UTF-8"?>
<testng-results ignored="0" total="5" passed="5" failed="0" skipped="0">
  <reporter-output>
  </reporter-output>
  <suite started-at="2021-12-07T23:32:35 ICT" name="Suite" finished-at="2021-12-07T23:32:49 ICT" duration-ms="14152">
    <groups>
    </groups>
    <test started-at="2021-12-07T23:32:35 ICT" name="TestAddController" finished-at="2021-12-07T23:32:49 ICT" duration-ms="14152">
      <class name="testController.AddControllerTest">
        <test-method is-config="true" signature="beforePowerMockTestClass()[pri:0, instance:testController.AddControllerTest@d62fe5b]" started-at="2021-12-07T23:32:35 ICT" name="beforePowerMockTestClass" finished-at="2021-12-07T23:32:35 ICT" duration-ms="14" status="PASS">
          <reporter-output>
          </reporter-output>
        </test-method> <!-- beforePowerMockTestClass -->
        <test-method is-config="true" signature="beforePowerMockTestMethod()[pri:0, instance:testController.AddControllerTest@d62fe5b]" started-at="2021-12-07T23:32:35 ICT" name="beforePowerMockTestMethod" finished-at="2021-12-07T23:32:36 ICT" duration-ms="1072" status="PASS">
          <reporter-output>
          </reporter-output>
        </test-method> <!-- beforePowerMockTestMethod -->
        <test-method is-config="true" signature="beforeClass()[pri:0, instance:testController.AddControllerTest@d62fe5b]" started-at="2021-12-07T23:32:36 ICT" name="beforeClass" finished-at="2021-12-07T23:32:37 ICT" duration-ms="899" status="PASS">
          <reporter-output>
          </reporter-output>
        </test-method> <!-- beforeClass -->
        <test-method signature="adduserTest_TC01_Success(java.lang.String,java.lang.String)[pri:0, instance:testController.AddControllerTest@d62fe5b]" started-at="2021-12-07T23:32:37 ICT" name="adduserTest_TC01_Success" finished-at="2021-12-07T23:32:37 ICT" duration-ms="64" status="PASS">
          <params>
            <param index="0">
              <value>
                <![CDATA[hai95.lv@gmail.com]]>
              </value>
            </param>
            <param index="1">
              <value>
                <![CDATA[1234]]>
              </value>
            </param>
          </params>
          <reporter-output>
          </reporter-output>
        </test-method> <!-- adduserTest_TC01_Success -->
        <test-method is-config="true" signature="afterClass()[pri:0, instance:testController.AddControllerTest@d62fe5b]" started-at="2021-12-07T23:32:37 ICT" name="afterClass" finished-at="2021-12-07T23:32:37 ICT" duration-ms="1" status="PASS">
          <reporter-output>
          </reporter-output>
        </test-method> <!-- afterClass -->
        <test-method is-config="true" signature="afterPowerMockTestMethod()[pri:0, instance:testController.AddControllerTest@d62fe5b]" started-at="2021-12-07T23:32:37 ICT" name="afterPowerMockTestMethod" finished-at="2021-12-07T23:32:37 ICT" duration-ms="2" status="PASS">
          <reporter-output>
          </reporter-output>
        </test-method> <!-- afterPowerMockTestMethod -->
        <test-method is-config="true" signature="beforePowerMockTestMethod()[pri:0, instance:testController.AddControllerTest@d62fe5b]" started-at="2021-12-07T23:32:37 ICT" name="beforePowerMockTestMethod" finished-at="2021-12-07T23:32:37 ICT" duration-ms="3" status="PASS">
          <reporter-output>
          </reporter-output>
        </test-method> <!-- beforePowerMockTestMethod -->
        <test-method is-config="true" signature="beforeClass()[pri:0, instance:testController.AddControllerTest@d62fe5b]" started-at="2021-12-07T23:32:37 ICT" name="beforeClass" finished-at="2021-12-07T23:32:37 ICT" duration-ms="2" status="PASS">
          <reporter-output>
          </reporter-output>
        </test-method> <!-- beforeClass -->
        <test-method signature="getcodeTest_TC02()[pri:0, instance:testController.AddControllerTest@d62fe5b]" started-at="2021-12-07T23:32:37 ICT" name="getcodeTest_TC02" finished-at="2021-12-07T23:32:37 ICT" duration-ms="11" status="PASS">
          <reporter-output>
          </reporter-output>
        </test-method> <!-- getcodeTest_TC02 -->
        <test-method is-config="true" signature="afterClass()[pri:0, instance:testController.AddControllerTest@d62fe5b]" started-at="2021-12-07T23:32:37 ICT" name="afterClass" finished-at="2021-12-07T23:32:37 ICT" duration-ms="0" status="PASS">
          <reporter-output>
          </reporter-output>
        </test-method> <!-- afterClass -->
        <test-method is-config="true" signature="afterPowerMockTestMethod()[pri:0, instance:testController.AddControllerTest@d62fe5b]" started-at="2021-12-07T23:32:37 ICT" name="afterPowerMockTestMethod" finished-at="2021-12-07T23:32:37 ICT" duration-ms="1" status="PASS">
          <reporter-output>
          </reporter-output>
        </test-method> <!-- afterPowerMockTestMethod -->
        <test-method is-config="true" signature="beforePowerMockTestMethod()[pri:0, instance:testController.AddControllerTest@d62fe5b]" started-at="2021-12-07T23:32:37 ICT" name="beforePowerMockTestMethod" finished-at="2021-12-07T23:32:37 ICT" duration-ms="1" status="PASS">
          <reporter-output>
          </reporter-output>
        </test-method> <!-- beforePowerMockTestMethod -->
        <test-method is-config="true" signature="beforeClass()[pri:0, instance:testController.AddControllerTest@d62fe5b]" started-at="2021-12-07T23:32:37 ICT" name="beforeClass" finished-at="2021-12-07T23:32:37 ICT" duration-ms="1" status="PASS">
          <reporter-output>
          </reporter-output>
        </test-method> <!-- beforeClass -->
        <test-method signature="getcodeTest_TC03()[pri:0, instance:testController.AddControllerTest@d62fe5b]" started-at="2021-12-07T23:32:37 ICT" name="getcodeTest_TC03" finished-at="2021-12-07T23:32:37 ICT" duration-ms="2" status="PASS">
          <reporter-output>
          </reporter-output>
        </test-method> <!-- getcodeTest_TC03 -->
        <test-method is-config="true" signature="afterPowerMockTestMethod()[pri:0, instance:testController.AddControllerTest@d62fe5b]" started-at="2021-12-07T23:32:37 ICT" name="afterPowerMockTestMethod" finished-at="2021-12-07T23:32:37 ICT" duration-ms="0" status="PASS">
          <reporter-output>
          </reporter-output>
        </test-method> <!-- afterPowerMockTestMethod -->
        <test-method is-config="true" signature="afterClass()[pri:0, instance:testController.AddControllerTest@d62fe5b]" started-at="2021-12-07T23:32:37 ICT" name="afterClass" finished-at="2021-12-07T23:32:37 ICT" duration-ms="0" status="PASS">
          <reporter-output>
          </reporter-output>
        </test-method> <!-- afterClass -->
        <test-method is-config="true" signature="beforeClass()[pri:0, instance:testController.AddControllerTest@d62fe5b]" started-at="2021-12-07T23:32:37 ICT" name="beforeClass" finished-at="2021-12-07T23:32:37 ICT" duration-ms="1" status="PASS">
          <reporter-output>
          </reporter-output>
        </test-method> <!-- beforeClass -->
        <test-method is-config="true" signature="beforePowerMockTestMethod()[pri:0, instance:testController.AddControllerTest@d62fe5b]" started-at="2021-12-07T23:32:37 ICT" name="beforePowerMockTestMethod" finished-at="2021-12-07T23:32:37 ICT" duration-ms="0" status="PASS">
          <reporter-output>
          </reporter-output>
        </test-method> <!-- beforePowerMockTestMethod -->
        <test-method signature="getlistuserTest()[pri:0, instance:testController.AddControllerTest@d62fe5b]" started-at="2021-12-07T23:32:37 ICT" name="getlistuserTest" finished-at="2021-12-07T23:32:37 ICT" duration-ms="13" status="PASS">
          <reporter-output>
          </reporter-output>
        </test-method> <!-- getlistuserTest -->
        <test-method is-config="true" signature="afterPowerMockTestMethod()[pri:0, instance:testController.AddControllerTest@d62fe5b]" started-at="2021-12-07T23:32:37 ICT" name="afterPowerMockTestMethod" finished-at="2021-12-07T23:32:37 ICT" duration-ms="1" status="PASS">
          <reporter-output>
          </reporter-output>
        </test-method> <!-- afterPowerMockTestMethod -->
        <test-method is-config="true" signature="afterClass()[pri:0, instance:testController.AddControllerTest@d62fe5b]" started-at="2021-12-07T23:32:37 ICT" name="afterClass" finished-at="2021-12-07T23:32:37 ICT" duration-ms="0" status="PASS">
          <reporter-output>
          </reporter-output>
        </test-method> <!-- afterClass -->
        <test-method is-config="true" signature="beforePowerMockTestMethod()[pri:0, instance:testController.AddControllerTest@d62fe5b]" started-at="2021-12-07T23:32:37 ICT" name="beforePowerMockTestMethod" finished-at="2021-12-07T23:32:37 ICT" duration-ms="1" status="PASS">
          <reporter-output>
          </reporter-output>
        </test-method> <!-- beforePowerMockTestMethod -->
        <test-method is-config="true" signature="beforeClass()[pri:0, instance:testController.AddControllerTest@d62fe5b]" started-at="2021-12-07T23:32:37 ICT" name="beforeClass" finished-at="2021-12-07T23:32:37 ICT" duration-ms="1" status="PASS">
          <reporter-output>
          </reporter-output>
        </test-method> <!-- beforeClass -->
        <test-method signature="sendmailTest(java.lang.String)[pri:0, instance:testController.AddControllerTest@d62fe5b]" started-at="2021-12-07T23:32:37 ICT" name="sendmailTest" finished-at="2021-12-07T23:32:49 ICT" duration-ms="12009" status="PASS">
          <params>
            <param index="0">
              <value>
                <![CDATA[hai95.lv@gmail.com]]>
              </value>
            </param>
          </params>
          <exception class="java.lang.Exception">
            <full-stacktrace>
              <![CDATA[java.lang.Exception
at testController.AddController.sendmail(AddController.java:60)
at testController.AddControllerTest.sendmailTest(AddControllerTest.java:88)
at org.testng.internal.MethodInvocationHelper.invokeMethod(MethodInvocationHelper.java:133)
at org.testng.internal.TestInvoker.invokeMethod(TestInvoker.java:598)
at org.testng.internal.TestInvoker.invokeTestMethod(TestInvoker.java:173)
at org.testng.internal.MethodRunner.runInSequence(MethodRunner.java:46)
at org.testng.internal.TestInvoker$MethodInvocationAgent.invoke(TestInvoker.java:824)
at org.testng.internal.TestInvoker.invokeTestMethods(TestInvoker.java:146)
at org.testng.internal.TestMethodWorker.invokeTestMethods(TestMethodWorker.java:146)
at org.testng.internal.TestMethodWorker.run(TestMethodWorker.java:128)
at java.base/java.util.ArrayList.forEach(ArrayList.java:1511)
at org.testng.TestRunner.privateRun(TestRunner.java:794)
at org.testng.TestRunner.run(TestRunner.java:596)
at org.testng.SuiteRunner.runTest(SuiteRunner.java:377)
at org.testng.SuiteRunner.runSequentially(SuiteRunner.java:371)
at org.testng.SuiteRunner.privateRun(SuiteRunner.java:332)
at org.testng.SuiteRunner.run(SuiteRunner.java:276)
at org.testng.SuiteRunnerWorker.runSuite(SuiteRunnerWorker.java:53)
at org.testng.SuiteRunnerWorker.run(SuiteRunnerWorker.java:96)
at org.testng.TestNG.runSuitesSequentially(TestNG.java:1212)
at org.testng.TestNG.runSuitesLocally(TestNG.java:1134)
at org.testng.TestNG.runSuites(TestNG.java:1063)
at org.testng.TestNG.run(TestNG.java:1031)
at org.testng.remote.AbstractRemoteTestNG.run(AbstractRemoteTestNG.java:115)
at org.testng.remote.RemoteTestNG.initAndRun(RemoteTestNG.java:251)
at org.testng.remote.RemoteTestNG.main(RemoteTestNG.java:77)
]]>
            </full-stacktrace>
          </exception> <!-- java.lang.Exception -->
          <reporter-output>
          </reporter-output>
        </test-method> <!-- sendmailTest -->
        <test-method is-config="true" signature="afterPowerMockTestMethod()[pri:0, instance:testController.AddControllerTest@d62fe5b]" started-at="2021-12-07T23:32:49 ICT" name="afterPowerMockTestMethod" finished-at="2021-12-07T23:32:49 ICT" duration-ms="1" status="PASS">
          <reporter-output>
          </reporter-output>
        </test-method> <!-- afterPowerMockTestMethod -->
        <test-method is-config="true" signature="afterClass()[pri:0, instance:testController.AddControllerTest@d62fe5b]" started-at="2021-12-07T23:32:49 ICT" name="afterClass" finished-at="2021-12-07T23:32:49 ICT" duration-ms="0" status="PASS">
          <reporter-output>
          </reporter-output>
        </test-method> <!-- afterClass -->
        <test-method is-config="true" signature="afterPowerMockTestClass()[pri:0, instance:testController.AddControllerTest@d62fe5b]" started-at="2021-12-07T23:32:49 ICT" name="afterPowerMockTestClass" finished-at="2021-12-07T23:32:49 ICT" duration-ms="0" status="PASS">
          <reporter-output>
          </reporter-output>
        </test-method> <!-- afterPowerMockTestClass -->
      </class> <!-- testController.AddControllerTest -->
    </test> <!-- TestAddController -->
  </suite> <!-- Suite -->
</testng-results>
