<?xml version="1.0" encoding="UTF-8"?>
<testng-results ignored="0" total="20" passed="17" failed="3" skipped="0">
  <reporter-output>
  </reporter-output>
  <suite started-at="2021-12-05T23:34:41 ICT" name="Default suite" finished-at="2021-12-05T23:34:42 ICT" duration-ms="77">
    <groups>
    </groups>
    <test started-at="2021-12-05T23:34:41 ICT" name="Default test" finished-at="2021-12-05T23:34:42 ICT" duration-ms="77">
      <class name="testModel.DethiTest">
        <test-method is-config="true" signature="beforeTest()[pri:0, instance:testModel.DethiTest@65d09a04]" started-at="2021-12-05T23:34:41 ICT" name="beforeTest" finished-at="2021-12-05T23:34:41 ICT" duration-ms="6" status="PASS">
          <reporter-output>
          </reporter-output>
        </test-method> <!-- beforeTest -->
        <test-method signature="getEmailTest_TC_01()[pri:0, instance:testModel.DethiTest@65d09a04]" started-at="2021-12-05T23:34:41 ICT" name="getEmailTest_TC_01" finished-at="2021-12-05T23:34:42 ICT" duration-ms="5" status="PASS">
          <reporter-output>
          </reporter-output>
        </test-method> <!-- getEmailTest_TC_01 -->
        <test-method signature="getEmailTest_TC_02()[pri:0, instance:testModel.DethiTest@65d09a04]" started-at="2021-12-05T23:34:42 ICT" name="getEmailTest_TC_02" finished-at="2021-12-05T23:34:42 ICT" duration-ms="2" status="PASS">
          <reporter-output>
          </reporter-output>
        </test-method> <!-- getEmailTest_TC_02 -->
        <test-method signature="getEmailTest_TC_03()[pri:0, instance:testModel.DethiTest@65d09a04]" started-at="2021-12-05T23:34:42 ICT" name="getEmailTest_TC_03" finished-at="2021-12-05T23:34:42 ICT" duration-ms="1" status="PASS">
          <reporter-output>
          </reporter-output>
        </test-method> <!-- getEmailTest_TC_03 -->
        <test-method signature="getIdTest_TC_04()[pri:0, instance:testModel.DethiTest@65d09a04]" started-at="2021-12-05T23:34:42 ICT" name="getIdTest_TC_04" finished-at="2021-12-05T23:34:42 ICT" duration-ms="0" status="PASS">
          <reporter-output>
          </reporter-output>
        </test-method> <!-- getIdTest_TC_04 -->
        <test-method signature="getIdTest_TC_05()[pri:0, instance:testModel.DethiTest@65d09a04]" started-at="2021-12-05T23:34:42 ICT" name="getIdTest_TC_05" finished-at="2021-12-05T23:34:42 ICT" duration-ms="1" status="PASS">
          <reporter-output>
          </reporter-output>
        </test-method> <!-- getIdTest_TC_05 -->
        <test-method signature="getLoaide_idTest_TC_07()[pri:0, instance:testModel.DethiTest@65d09a04]" started-at="2021-12-05T23:34:42 ICT" name="getLoaide_idTest_TC_07" finished-at="2021-12-05T23:34:42 ICT" duration-ms="1" status="PASS">
          <reporter-output>
          </reporter-output>
        </test-method> <!-- getLoaide_idTest_TC_07 -->
        <test-method signature="getLoaide_idTest_TC_08()[pri:0, instance:testModel.DethiTest@65d09a04]" started-at="2021-12-05T23:34:42 ICT" name="getLoaide_idTest_TC_08" finished-at="2021-12-05T23:34:42 ICT" duration-ms="0" status="PASS">
          <reporter-output>
          </reporter-output>
        </test-method> <!-- getLoaide_idTest_TC_08 -->
        <test-method signature="getTimerTest_TC_10()[pri:0, instance:testModel.DethiTest@65d09a04]" started-at="2021-12-05T23:34:42 ICT" name="getTimerTest_TC_10" finished-at="2021-12-05T23:34:42 ICT" duration-ms="1" status="PASS">
          <reporter-output>
          </reporter-output>
        </test-method> <!-- getTimerTest_TC_10 -->
        <test-method signature="getTimerTest_TC_11()[pri:0, instance:testModel.DethiTest@65d09a04]" started-at="2021-12-05T23:34:42 ICT" name="getTimerTest_TC_11" finished-at="2021-12-05T23:34:42 ICT" duration-ms="1" status="PASS">
          <reporter-output>
          </reporter-output>
        </test-method> <!-- getTimerTest_TC_11 -->
        <test-method signature="getTrangThaiTest_TC_13()[pri:0, instance:testModel.DethiTest@65d09a04]" started-at="2021-12-05T23:34:42 ICT" name="getTrangThaiTest_TC_13" finished-at="2021-12-05T23:34:42 ICT" duration-ms="1" status="PASS">
          <reporter-output>
          </reporter-output>
        </test-method> <!-- getTrangThaiTest_TC_13 -->
        <test-method signature="getTrangThaiTest_TC_14()[pri:0, instance:testModel.DethiTest@65d09a04]" started-at="2021-12-05T23:34:42 ICT" name="getTrangThaiTest_TC_14" finished-at="2021-12-05T23:34:42 ICT" duration-ms="1" status="PASS">
          <reporter-output>
          </reporter-output>
        </test-method> <!-- getTrangThaiTest_TC_14 -->
        <test-method signature="getTrangThaiTest_TC_15()[pri:0, instance:testModel.DethiTest@65d09a04]" started-at="2021-12-05T23:34:42 ICT" name="getTrangThaiTest_TC_15" finished-at="2021-12-05T23:34:42 ICT" duration-ms="1" status="PASS">
          <reporter-output>
          </reporter-output>
        </test-method> <!-- getTrangThaiTest_TC_15 -->
        <test-method signature="setEmailTest_TC_16()[pri:0, instance:testModel.DethiTest@65d09a04]" started-at="2021-12-05T23:34:42 ICT" name="setEmailTest_TC_16" finished-at="2021-12-05T23:34:42 ICT" duration-ms="0" status="PASS">
          <reporter-output>
          </reporter-output>
        </test-method> <!-- setEmailTest_TC_16 -->
        <test-method signature="setIdTest_TC_06()[pri:0, instance:testModel.DethiTest@65d09a04]" started-at="2021-12-05T23:34:42 ICT" name="setIdTest_TC_06" finished-at="2021-12-05T23:34:42 ICT" duration-ms="1" status="FAIL">
          <exception class="org.testng.TestException">
            <message>
              <![CDATA[
Method DethiTest.setIdTest_TC_06()[pri:0, instance:testModel.DethiTest@65d09a04] should have thrown an exception of type class java.lang.Exception]]>
            </message>
            <full-stacktrace>
              <![CDATA[org.testng.TestException: 
Method DethiTest.setIdTest_TC_06()[pri:0, instance:testModel.DethiTest@65d09a04] should have thrown an exception of type class java.lang.Exception
at org.testng.internal.ExpectedExceptionsHolder.noException(ExpectedExceptionsHolder.java:82)
at org.testng.internal.TestInvoker.considerExceptions(TestInvoker.java:749)
at org.testng.internal.TestInvoker.invokeMethod(TestInvoker.java:634)
at org.testng.internal.TestInvoker.invokeTestMethod(TestInvoker.java:173)
at org.testng.internal.MethodRunner.runInSequence(MethodRunner.java:46)
at org.testng.internal.TestInvoker$MethodInvocationAgent.invoke(TestInvoker.java:824)
at org.testng.internal.TestInvoker.invokeTestMethods(TestInvoker.java:146)
at org.testng.internal.TestMethodWorker.invokeTestMethods(TestMethodWorker.java:146)
at org.testng.internal.TestMethodWorker.run(TestMethodWorker.java:128)
at java.base/java.util.ArrayList.forEach(ArrayList.java:1511)
at org.testng.TestRunner.privateRun(TestRunner.java:794)
at org.testng.TestRunner.run(TestRunner.java:596)
at org.testng.SuiteRunner.runTest(SuiteRunner.java:377)
at org.testng.SuiteRunner.runSequentially(SuiteRunner.java:371)
at org.testng.SuiteRunner.privateRun(SuiteRunner.java:332)
at org.testng.SuiteRunner.run(SuiteRunner.java:276)
at org.testng.SuiteRunnerWorker.runSuite(SuiteRunnerWorker.java:53)
at org.testng.SuiteRunnerWorker.run(SuiteRunnerWorker.java:96)
at org.testng.TestNG.runSuitesSequentially(TestNG.java:1212)
at org.testng.TestNG.runSuitesLocally(TestNG.java:1134)
at org.testng.TestNG.runSuites(TestNG.java:1063)
at org.testng.TestNG.run(TestNG.java:1031)
at org.testng.remote.AbstractRemoteTestNG.run(AbstractRemoteTestNG.java:115)
at org.testng.remote.RemoteTestNG.initAndRun(RemoteTestNG.java:251)
at org.testng.remote.RemoteTestNG.main(RemoteTestNG.java:77)
]]>
            </full-stacktrace>
          </exception> <!-- org.testng.TestException -->
          <reporter-output>
          </reporter-output>
        </test-method> <!-- setIdTest_TC_06 -->
        <test-method signature="setIdTest_TC_17()[pri:0, instance:testModel.DethiTest@65d09a04]" started-at="2021-12-05T23:34:42 ICT" name="setIdTest_TC_17" finished-at="2021-12-05T23:34:42 ICT" duration-ms="0" status="PASS">
          <reporter-output>
          </reporter-output>
        </test-method> <!-- setIdTest_TC_17 -->
        <test-method signature="setLoaide_idTest_TC_09()[pri:0, instance:testModel.DethiTest@65d09a04]" started-at="2021-12-05T23:34:42 ICT" name="setLoaide_idTest_TC_09" finished-at="2021-12-05T23:34:42 ICT" duration-ms="1" status="FAIL">
          <exception class="org.testng.TestException">
            <message>
              <![CDATA[
Method DethiTest.setLoaide_idTest_TC_09()[pri:0, instance:testModel.DethiTest@65d09a04] should have thrown an exception of type class java.lang.Exception]]>
            </message>
            <full-stacktrace>
              <![CDATA[org.testng.TestException: 
Method DethiTest.setLoaide_idTest_TC_09()[pri:0, instance:testModel.DethiTest@65d09a04] should have thrown an exception of type class java.lang.Exception
at org.testng.internal.ExpectedExceptionsHolder.noException(ExpectedExceptionsHolder.java:82)
at org.testng.internal.TestInvoker.considerExceptions(TestInvoker.java:749)
at org.testng.internal.TestInvoker.invokeMethod(TestInvoker.java:634)
at org.testng.internal.TestInvoker.invokeTestMethod(TestInvoker.java:173)
at org.testng.internal.MethodRunner.runInSequence(MethodRunner.java:46)
at org.testng.internal.TestInvoker$MethodInvocationAgent.invoke(TestInvoker.java:824)
at org.testng.internal.TestInvoker.invokeTestMethods(TestInvoker.java:146)
at org.testng.internal.TestMethodWorker.invokeTestMethods(TestMethodWorker.java:146)
at org.testng.internal.TestMethodWorker.run(TestMethodWorker.java:128)
at java.base/java.util.ArrayList.forEach(ArrayList.java:1511)
at org.testng.TestRunner.privateRun(TestRunner.java:794)
at org.testng.TestRunner.run(TestRunner.java:596)
at org.testng.SuiteRunner.runTest(SuiteRunner.java:377)
at org.testng.SuiteRunner.runSequentially(SuiteRunner.java:371)
at org.testng.SuiteRunner.privateRun(SuiteRunner.java:332)
at org.testng.SuiteRunner.run(SuiteRunner.java:276)
at org.testng.SuiteRunnerWorker.runSuite(SuiteRunnerWorker.java:53)
at org.testng.SuiteRunnerWorker.run(SuiteRunnerWorker.java:96)
at org.testng.TestNG.runSuitesSequentially(TestNG.java:1212)
at org.testng.TestNG.runSuitesLocally(TestNG.java:1134)
at org.testng.TestNG.runSuites(TestNG.java:1063)
at org.testng.TestNG.run(TestNG.java:1031)
at org.testng.remote.AbstractRemoteTestNG.run(AbstractRemoteTestNG.java:115)
at org.testng.remote.RemoteTestNG.initAndRun(RemoteTestNG.java:251)
at org.testng.remote.RemoteTestNG.main(RemoteTestNG.java:77)
]]>
            </full-stacktrace>
          </exception> <!-- org.testng.TestException -->
          <reporter-output>
          </reporter-output>
        </test-method> <!-- setLoaide_idTest_TC_09 -->
        <test-method signature="setLoaide_idTest_TC_18()[pri:0, instance:testModel.DethiTest@65d09a04]" started-at="2021-12-05T23:34:42 ICT" name="setLoaide_idTest_TC_18" finished-at="2021-12-05T23:34:42 ICT" duration-ms="1" status="PASS">
          <reporter-output>
          </reporter-output>
        </test-method> <!-- setLoaide_idTest_TC_18 -->
        <test-method signature="setTimerTest_TC_12()[pri:0, instance:testModel.DethiTest@65d09a04]" started-at="2021-12-05T23:34:42 ICT" name="setTimerTest_TC_12" finished-at="2021-12-05T23:34:42 ICT" duration-ms="1" status="FAIL">
          <exception class="org.testng.TestException">
            <message>
              <![CDATA[
Method DethiTest.setTimerTest_TC_12()[pri:0, instance:testModel.DethiTest@65d09a04] should have thrown an exception of type class java.lang.Exception]]>
            </message>
            <full-stacktrace>
              <![CDATA[org.testng.TestException: 
Method DethiTest.setTimerTest_TC_12()[pri:0, instance:testModel.DethiTest@65d09a04] should have thrown an exception of type class java.lang.Exception
at org.testng.internal.ExpectedExceptionsHolder.noException(ExpectedExceptionsHolder.java:82)
at org.testng.internal.TestInvoker.considerExceptions(TestInvoker.java:749)
at org.testng.internal.TestInvoker.invokeMethod(TestInvoker.java:634)
at org.testng.internal.TestInvoker.invokeTestMethod(TestInvoker.java:173)
at org.testng.internal.MethodRunner.runInSequence(MethodRunner.java:46)
at org.testng.internal.TestInvoker$MethodInvocationAgent.invoke(TestInvoker.java:824)
at org.testng.internal.TestInvoker.invokeTestMethods(TestInvoker.java:146)
at org.testng.internal.TestMethodWorker.invokeTestMethods(TestMethodWorker.java:146)
at org.testng.internal.TestMethodWorker.run(TestMethodWorker.java:128)
at java.base/java.util.ArrayList.forEach(ArrayList.java:1511)
at org.testng.TestRunner.privateRun(TestRunner.java:794)
at org.testng.TestRunner.run(TestRunner.java:596)
at org.testng.SuiteRunner.runTest(SuiteRunner.java:377)
at org.testng.SuiteRunner.runSequentially(SuiteRunner.java:371)
at org.testng.SuiteRunner.privateRun(SuiteRunner.java:332)
at org.testng.SuiteRunner.run(SuiteRunner.java:276)
at org.testng.SuiteRunnerWorker.runSuite(SuiteRunnerWorker.java:53)
at org.testng.SuiteRunnerWorker.run(SuiteRunnerWorker.java:96)
at org.testng.TestNG.runSuitesSequentially(TestNG.java:1212)
at org.testng.TestNG.runSuitesLocally(TestNG.java:1134)
at org.testng.TestNG.runSuites(TestNG.java:1063)
at org.testng.TestNG.run(TestNG.java:1031)
at org.testng.remote.AbstractRemoteTestNG.run(AbstractRemoteTestNG.java:115)
at org.testng.remote.RemoteTestNG.initAndRun(RemoteTestNG.java:251)
at org.testng.remote.RemoteTestNG.main(RemoteTestNG.java:77)
]]>
            </full-stacktrace>
          </exception> <!-- org.testng.TestException -->
          <reporter-output>
          </reporter-output>
        </test-method> <!-- setTimerTest_TC_12 -->
        <test-method signature="setTimerTest_TC_19()[pri:0, instance:testModel.DethiTest@65d09a04]" started-at="2021-12-05T23:34:42 ICT" name="setTimerTest_TC_19" finished-at="2021-12-05T23:34:42 ICT" duration-ms="1" status="PASS">
          <reporter-output>
          </reporter-output>
        </test-method> <!-- setTimerTest_TC_19 -->
        <test-method signature="setTrangThaiTest()[pri:0, instance:testModel.DethiTest@65d09a04]" started-at="2021-12-05T23:34:42 ICT" name="setTrangThaiTest" finished-at="2021-12-05T23:34:42 ICT" duration-ms="1" status="PASS">
          <reporter-output>
          </reporter-output>
        </test-method> <!-- setTrangThaiTest -->
        <test-method is-config="true" signature="afterTest()[pri:0, instance:testModel.DethiTest@65d09a04]" started-at="2021-12-05T23:34:42 ICT" name="afterTest" finished-at="2021-12-05T23:34:42 ICT" duration-ms="0" status="PASS">
          <reporter-output>
          </reporter-output>
        </test-method> <!-- afterTest -->
      </class> <!-- testModel.DethiTest -->
    </test> <!-- Default test -->
  </suite> <!-- Default suite -->
</testng-results>
